DEBUG: Executing /Users/s/.nuget/packages/ikvm.msbuild.tools.runtime.osx-arm64/8.8.0/ikvmc/net8.0/osx-arm64/ikvmc @/Users/s/github/ktor-ikvm/ktor-with-ikvm/ktor-with-ikvm/obj/Debug/net6.0/ikvm/stage/1/ee483205def83ae942d910c45523e507/MyAssembly.dll.rsp
ERROR: warning IKVMC0101: Unable to compile class "META-INF.versions.9.module-info"
ERROR:     (class format error "53.0")
ERROR: warning IKVMC0100: Class "java.lang.instrument.ClassFileTransformer" not found
ERROR: warning IKVMC0101: Unable to compile class "META-INF.versions.9.kotlin.reflect.jvm.internal.impl.serialization.deserialization.builtins.BuiltInsResourceLoader"
ERROR:     (class format error "53.0")
ERROR: warning IKVMC0100: Class "javax.servlet.http.HttpServlet" not found
ERROR: warning IKVMC0100: Class "javax.servlet.Filter" not found
ERROR: warning IKVMC0100: Class "javax.servlet.ServletContextListener" not found
ERROR: warning IKVMC0100: Class "javax.servlet.ServletContainerInitializer" not found
ERROR: warning IKVMC0100: Class "javax.mail.Authenticator" not found
ERROR: warning IKVMC0100: Class "io.netty.internal.tcnative.CertificateVerifier" not found
ERROR: warning IKVMC0100: Class "io.netty.internal.tcnative.SSLSessionCache" not found
ERROR: warning IKVMC0100: Class "org.conscrypt.HandshakeListener" not found
ERROR: warning IKVMC0100: Class "io.netty.internal.tcnative.SniHostNameMatcher" not found
ERROR: warning IKVMC0100: Class "io.netty.internal.tcnative.CertificateCallback" not found
ERROR: warning IKVMC0100: Class "io.netty.internal.tcnative.CertificateCompressionAlgo" not found
ERROR: warning IKVMC0100: Class "io.netty.internal.tcnative.SSLPrivateKeyMethod" not found
ERROR: warning IKVMC0100: Class "org.eclipse.jetty.npn.NextProtoNego$ServerProvider" not found
ERROR: warning IKVMC0100: Class "org.conscrypt.BufferAllocator" not found
ERROR: warning IKVMC0100: Class "io.netty.internal.tcnative.AsyncSSLPrivateKeyMethod" not found
ERROR: warning IKVMC0100: Class "org.conscrypt.AllocatedBuffer" not found
ERROR: warning IKVMC0100: Class "org.eclipse.jetty.npn.NextProtoNego$ClientProvider" not found
ERROR: warning IKVMC0100: Class "org.jboss.marshalling.ByteInput" not found
ERROR: warning IKVMC0100: Class "org.jboss.marshalling.ByteOutput" not found
ERROR: warning IKVMC0100: Class "reactor.blockhound.integration.BlockHoundIntegration" not found
ERROR: warning IKVMC0100: Class "org.apache.logging.log4j.spi.ExtendedLoggerWrapper" not found
ERROR: warning IKVMC0100: Class "org.codehaus.janino.ClassBodyEvaluator" not found
ERROR: warning IKVMC0100: Class "org.eclipse.jetty.npn.NextProtoNego" not found
ERROR: warning IKVMC0100: Class "org.eclipse.jetty.npn.NextProtoNego$Provider" not found
ERROR: warning IKVMC0100: Class "com.aayushatharva.brotli4j.decoder.DecoderJNI$Wrapper" not found
ERROR: warning IKVMC0100: Class "com.aayushatharva.brotli4j.decoder.DecoderJNI$Status" not found
ERROR: warning IKVMC0100: Class "com.aayushatharva.brotli4j.decoder.DecoderJNI" not found
ERROR: warning IKVMC0100: Class "io.netty.internal.tcnative.SSL" not found
ERROR: warning IKVMC0100: Class "org.jboss.marshalling.MarshallerFactory" not found
ERROR: warning IKVMC0100: Class "org.jboss.marshalling.Unmarshaller" not found
ERROR: warning IKVMC0100: Class "com.jcraft.jzlib.Inflater" not found
ERROR: warning IKVMC0100: Class "com.jcraft.jzlib.Deflater" not found
ERROR: warning IKVMC0100: Class "com.jcraft.jzlib.JZlib" not found
ERROR: warning IKVMC0100: Class "com.jcraft.jzlib.JZlib$WrapperType" not found
ERROR: warning IKVMC0100: Class "org.bouncycastle.openssl.jcajce.JcaPEMKeyConverter" not found
ERROR: warning IKVMC0100: Class "org.bouncycastle.openssl.PEMParser" not found
ERROR: warning IKVMC0100: Class "org.bouncycastle.asn1.pkcs.PrivateKeyInfo" not found
ERROR: warning IKVMC0100: Class "org.bouncycastle.openssl.PEMKeyPair" not found
ERROR: warning IKVMC0100: Class "org.bouncycastle.openssl.PEMEncryptedKeyPair" not found
ERROR: warning IKVMC0100: Class "org.bouncycastle.openssl.jcajce.JcePEMDecryptorProviderBuilder" not found
ERROR: warning IKVMC0100: Class "org.bouncycastle.pkcs.PKCS8EncryptedPrivateKeyInfo" not found
ERROR: warning IKVMC0100: Class "org.bouncycastle.openssl.jcajce.JceOpenSSLPKCS8DecryptorProviderBuilder" not found
ERROR: warning IKVMC0100: Class "java.lang.instrument.Instrumentation" not found
ERROR: warning IKVMC0100: Class "net.jpountz.lz4.LZ4Factory" not found
ERROR: warning IKVMC0100: Class "net.jpountz.lz4.LZ4Compressor" not found
ERROR: warning IKVMC0100: Class "net.jpountz.lz4.LZ4Exception" not found
ERROR: warning IKVMC0100: Class "javax.mail.Session" not found
ERROR: warning IKVMC0100: Class "javax.mail.internet.InternetAddress" not found
ERROR: warning IKVMC0100: Class "javax.mail.internet.AddressException" not found
ERROR: warning IKVMC0100: Class "javax.mail.internet.MimeBodyPart" not found
ERROR: warning IKVMC0100: Class "javax.mail.internet.MimeMessage" not found
ERROR: warning IKVMC0100: Class "javax.mail.Message$RecipientType" not found
ERROR: warning IKVMC0100: Class "javax.mail.internet.MimeMultipart" not found
ERROR: warning IKVMC0100: Class "javax.mail.Multipart" not found
ERROR: warning IKVMC0100: Class "javax.mail.Transport" not found
ERROR: warning IKVMC0100: Class "javax.mail.Message" not found
ERROR: warning IKVMC0100: Class "org.jboss.marshalling.Marshaller" not found
ERROR: warning IKVMC0117: Emitted java.lang.NoSuchMethodError in "org.slf4j.MarkerFactory.bwCompatibleGetMarkerFactoryFromBinder()Lorg.slf4j.IMarkerFactory;"
ERROR:     ("org.slf4j.impl.StaticMarkerBinder.getSingleton()Lorg.slf4j.impl.StaticMarkerBinder;")
ERROR: warning IKVMC0100: Class "com.oracle.svm.core.annotate.RecomputeFieldValue$Kind" not found
ERROR: warning IKVMC0100: Class "com.oracle.svm.core.annotate.RecomputeFieldValue" not found
ERROR: warning IKVMC0100: Class "com.aayushatharva.brotli4j.encoder.Encoder$Parameters" not found
ERROR: warning IKVMC0100: Class "com.aayushatharva.brotli4j.encoder.Encoder" not found
ERROR: warning IKVMC0100: Class "io.netty.internal.tcnative.AsyncTask" not found
ERROR: warning IKVMC0100: Class "io.netty.internal.tcnative.SSLSession" not found
ERROR: warning IKVMC0100: Class "org.bouncycastle.asn1.x500.X500Name" not found
ERROR: warning IKVMC0100: Class "org.bouncycastle.cert.jcajce.JcaX509v3CertificateBuilder" not found
ERROR: warning IKVMC0100: Class "org.bouncycastle.operator.jcajce.JcaContentSignerBuilder" not found
ERROR: warning IKVMC0100: Class "org.bouncycastle.cert.X509v3CertificateBuilder" not found
ERROR: warning IKVMC0100: Class "org.bouncycastle.cert.jcajce.JcaX509CertificateConverter" not found
ERROR: warning IKVMC0100: Class "org.bouncycastle.jce.provider.BouncyCastleProvider" not found
ERROR: warning IKVMC0100: Class "io.netty.internal.tcnative.SSLContext" not found
ERROR: warning IKVMC0100: Class "io.netty.internal.tcnative.SessionTicketKey" not found
ERROR: warning IKVMC0100: Class "com.google.protobuf.MessageLite" not found
ERROR: warning IKVMC0100: Class "com.google.protobuf.Parser" not found
ERROR: warning IKVMC0100: Class "com.google.protobuf.MessageLite$Builder" not found
ERROR: warning IKVMC0100: Class "com.aayushatharva.brotli4j.encoder.BrotliEncoderChannel" not found
ERROR: warning IKVMC0100: Class "com.aayushatharva.brotli4j.encoder.Encoder$Mode" not found
ERROR: warning IKVMC0100: Class "org.apache.log4j.Logger" not found
ERROR: warning IKVMC0100: Class "org.apache.log4j.Level" not found
ERROR: warning IKVMC0100: Class "io.netty.internal.tcnative.Buffer" not found
ERROR: warning IKVMC0100: Class "io.netty.internal.tcnative.Library" not found
ERROR: warning IKVMC0100: Class "lzma.sdk.lzma.Encoder" not found
ERROR: warning IKVMC0100: Class "com.github.luben.zstd.Zstd" not found
ERROR: warning IKVMC0100: Class "com.ning.compress.lzf.util.ChunkDecoderFactory" not found
ERROR: warning IKVMC0100: Class "com.ning.compress.BufferRecycler" not found
ERROR: warning IKVMC0100: Class "com.ning.compress.lzf.ChunkDecoder" not found
ERROR: warning IKVMC0100: Class "org.apache.logging.log4j.Logger" not found
ERROR: warning IKVMC0100: Class "com.google.protobuf.nano.MessageNano" not found
ERROR: warning IKVMC0100: Class "com.ning.compress.lzf.LZFChunk" not found
ERROR: warning IKVMC0100: Class "com.ning.compress.lzf.util.ChunkEncoderFactory" not found
ERROR: warning IKVMC0100: Class "com.ning.compress.lzf.LZFEncoder" not found
ERROR: warning IKVMC0100: Class "com.ning.compress.lzf.ChunkEncoder" not found
ERROR: warning IKVMC0100: Class "org.apache.logging.log4j.LogManager" not found
ERROR: warning IKVMC0100: Class "net.jpountz.xxhash.XXHash32" not found
ERROR: warning IKVMC0100: Class "net.jpountz.xxhash.XXHashFactory" not found
ERROR: warning IKVMC0100: Class "org.conscrypt.Conscrypt" not found
ERROR: warning IKVMC0100: Class "com.google.protobuf.MessageLiteOrBuilder" not found
ERROR: warning IKVMC0100: Class "reactor.blockhound.BlockHound$Builder" not found
ERROR: warning IKVMC0100: Class "reactor.blockhound.BlockHound" not found
ERROR: warning IKVMC0100: Class "org.codehaus.janino.ScriptEvaluator" not found
ERROR: warning IKVMC0100: Class "com.aayushatharva.brotli4j.Brotli4jLoader" not found
ERROR: warning IKVMC0100: Class "org.apache.commons.logging.Log" not found
ERROR: warning IKVMC0100: Class "com.google.protobuf.nano.CodedOutputByteBufferNano" not found
ERROR: warning IKVMC0100: Class "org.apache.commons.logging.LogFactory" not found
ERROR: warning IKVMC0117: Emitted java.lang.NoSuchMethodError in "org.slf4j.MDC.bwCompatibleGetMDCAdapterFromBinder()Lorg.slf4j.spi.MDCAdapter;"
ERROR:     ("org.slf4j.impl.StaticMDCBinder.getSingleton()Lorg.slf4j.impl.StaticMDCBinder;")
ERROR: warning IKVMC0100: Class "net.jpountz.lz4.LZ4FastDecompressor" not found
ERROR: warning IKVMC0100: Class "io.netty.internal.tcnative.ResultCallback" not found
